2019-06-24 22:12:38,042 INFO o.a.j.u.JMeterUtils: Setting Locale to en_EN
2019-06-24 22:12:38,182 INFO o.a.j.JMeter: Loading user properties from: user.properties
2019-06-24 22:12:38,184 INFO o.a.j.JMeter: Loading system properties from: system.properties
2019-06-24 22:12:38,241 INFO o.a.j.JMeter: Copyright (c) 1998-2019 The Apache Software Foundation
2019-06-24 22:12:38,242 INFO o.a.j.JMeter: Version 5.1.1 r1855137
2019-06-24 22:12:38,242 INFO o.a.j.JMeter: java.version=1.8.0_201
2019-06-24 22:12:38,242 INFO o.a.j.JMeter: java.vm.name=Java HotSpot(TM) 64-Bit Server VM
2019-06-24 22:12:38,242 INFO o.a.j.JMeter: os.name=Linux
2019-06-24 22:12:38,242 INFO o.a.j.JMeter: os.arch=amd64
2019-06-24 22:12:38,242 INFO o.a.j.JMeter: os.version=4.15.0-52-generic
2019-06-24 22:12:38,242 INFO o.a.j.JMeter: file.encoding=UTF-8
2019-06-24 22:12:38,243 INFO o.a.j.JMeter: java.awt.headless=null
2019-06-24 22:12:38,243 INFO o.a.j.JMeter: Max memory     =1073741824
2019-06-24 22:12:38,243 INFO o.a.j.JMeter: Available Processors =4
2019-06-24 22:12:38,260 INFO o.a.j.JMeter: Default Locale=English (EN)
2019-06-24 22:12:38,261 INFO o.a.j.JMeter: JMeter  Locale=English (EN)
2019-06-24 22:12:38,261 INFO o.a.j.JMeter: JMeterHome=/home/abdurrazzak/selftics/sqa-testing/jmeter
2019-06-24 22:12:38,262 INFO o.a.j.JMeter: user.dir  =/home/abdurrazzak/selftics/sqa-testing/jmeter/bin
2019-06-24 22:12:38,262 INFO o.a.j.JMeter: PWD       =/home/abdurrazzak/selftics/sqa-testing/jmeter/bin
2019-06-24 22:12:38,263 INFO o.a.j.JMeter: IP: 192.168.0.111 Name: ws33 FullName: www.selftics.com
2019-06-24 22:12:38,944 INFO o.a.j.g.a.LookAndFeelCommand: Installing Darcula LAF
2019-06-24 22:12:39,176 INFO o.a.j.g.a.LookAndFeelCommand: Using look and feel: com.bulenkov.darcula.DarculaLaf [Darcula]
2019-06-24 22:12:39,176 INFO o.a.j.JMeter: Setting LAF to: com.bulenkov.darcula.DarculaLaf
2019-06-24 22:12:39,386 INFO o.a.j.JMeter: Loaded icon properties from org/apache/jmeter/images/icon.properties
2019-06-24 22:12:40,804 INFO o.j.r.JARSourceHTTP: Requesting https://jmeter-plugins.org/repo/?installID=jenkins-44742b97b292d8d74f7bd6aa7cac2f83-gui
2019-06-24 22:12:45,001 INFO o.a.j.p.h.s.HTTPSamplerBase: Parser for text/html is org.apache.jmeter.protocol.http.parser.LagartoBasedHtmlParser
2019-06-24 22:12:45,002 INFO o.a.j.p.h.s.HTTPSamplerBase: Parser for application/xhtml+xml is org.apache.jmeter.protocol.http.parser.LagartoBasedHtmlParser
2019-06-24 22:12:45,002 INFO o.a.j.p.h.s.HTTPSamplerBase: Parser for application/xml is org.apache.jmeter.protocol.http.parser.LagartoBasedHtmlParser
2019-06-24 22:12:45,002 INFO o.a.j.p.h.s.HTTPSamplerBase: Parser for text/xml is org.apache.jmeter.protocol.http.parser.LagartoBasedHtmlParser
2019-06-24 22:12:45,002 INFO o.a.j.p.h.s.HTTPSamplerBase: Parser for text/vnd.wap.wml is org.apache.jmeter.protocol.http.parser.RegexpHTMLParser
2019-06-24 22:12:45,002 INFO o.a.j.p.h.s.HTTPSamplerBase: Parser for text/css is org.apache.jmeter.protocol.http.parser.CssParser
2019-06-24 22:12:45,355 INFO o.a.j.e.KeyToolUtils: keytool found at 'keytool'
2019-06-24 22:12:45,355 INFO o.a.j.p.h.p.ProxyControl: HTTP(S) Test Script Recorder SSL Proxy will use keys that support embedded 3rd party resources in file /home/abdurrazzak/selftics/sqa-testing/jmeter/bin/proxyserver.jks
2019-06-24 22:12:45,636 INFO o.j.r.PluginManager: Plugins Status: [jpgc-functions=2.1, jpgc-plugins-manager=1.3, jmeter-core=5.1.1, jmeter-ftp=5.1.1, jmeter-http=5.1.1, jmeter-jdbc=5.1.1, jmeter-jms=5.1.1, jmeter-junit=5.1.1, jmeter-java=5.1.1, jmeter-ldap=5.1.1, jmeter-mail=5.1.1, jmeter-mongodb=5.1.1, jmeter-native=5.1.1, jmeter-tcp=5.1.1, jmeter-components=5.1.1]
2019-06-24 22:12:45,708 INFO o.a.j.s.FileServer: Default base='/home/abdurrazzak/selftics/sqa-testing/jmeter/bin'
2019-06-24 22:12:46,187 INFO o.a.j.s.SampleResult: Note: Sample TimeStamps are START times
2019-06-24 22:12:46,187 INFO o.a.j.s.SampleResult: sampleresult.default.encoding is set to ISO-8859-1
2019-06-24 22:12:46,187 INFO o.a.j.s.SampleResult: sampleresult.useNanoTime=true
2019-06-24 22:12:46,187 INFO o.a.j.s.SampleResult: sampleresult.nanoThreadSleep=5000
2019-06-24 22:13:23,641 INFO o.a.j.g.a.Load: Loading file: /home/abdurrazzak/selftics/sqa-testing/jmeter/bin/src/file_upload.jmx
2019-06-24 22:13:23,641 INFO o.a.j.s.FileServer: Set new base='/home/abdurrazzak/selftics/sqa-testing/jmeter/bin/src'
2019-06-24 22:13:23,820 INFO o.a.j.s.SaveService: Testplan (JMX) version: 2.2. Testlog (JTL) version: 2.2
2019-06-24 22:13:23,830 INFO o.a.j.s.SaveService: Using SaveService properties file encoding UTF-8
2019-06-24 22:13:23,832 INFO o.a.j.s.SaveService: Using SaveService properties version 5.0
2019-06-24 22:13:23,835 INFO o.a.j.s.SaveService: Loading file: /home/abdurrazzak/selftics/sqa-testing/jmeter/bin/src/file_upload.jmx
2019-06-24 22:13:24,034 INFO o.a.j.p.h.c.CookieManager: Settings: Delete null: true Check: true Allow variable: true Save: false Prefix: COOKIE_
2019-06-24 22:13:24,241 INFO o.a.j.s.FileServer: Set new base='/home/abdurrazzak/selftics/sqa-testing/jmeter/bin/src'
2019-06-24 22:15:24,305 INFO o.a.j.g.a.Load: Loading file: /home/abdurrazzak/selftics/sqa-testing/jmeter/bin/src/file_download_test.jmx
2019-06-24 22:15:24,305 INFO o.a.j.s.FileServer: Set new base='/home/abdurrazzak/selftics/sqa-testing/jmeter/bin/src'
2019-06-24 22:15:24,305 INFO o.a.j.s.SaveService: Loading file: /home/abdurrazzak/selftics/sqa-testing/jmeter/bin/src/file_download_test.jmx
2019-06-24 22:15:24,383 INFO o.a.j.s.FileServer: Set new base='/home/abdurrazzak/selftics/sqa-testing/jmeter/bin/src'
2019-06-24 22:17:53,945 INFO o.a.j.e.StandardJMeterEngine: Running the test!
2019-06-24 22:17:53,947 INFO o.a.j.s.SampleEvent: List of sample_variables: []
2019-06-24 22:17:53,947 INFO o.a.j.s.SampleEvent: List of sample_variables: []
2019-06-24 22:17:53,952 INFO o.a.j.e.u.CompoundVariable: Note: Function class names must contain the string: '.functions.'
2019-06-24 22:17:53,952 INFO o.a.j.e.u.CompoundVariable: Note: Function class names must not contain the string: '.gui.'
2019-06-24 22:17:54,376 INFO o.a.j.g.u.JMeterMenuBar: setRunning(true, *local*)
2019-06-24 22:17:54,441 INFO o.a.j.e.StandardJMeterEngine: Starting ThreadGroup: 1 : Thread Group
2019-06-24 22:17:54,441 INFO o.a.j.e.StandardJMeterEngine: Starting 3 threads for group Thread Group.
2019-06-24 22:17:54,442 INFO o.a.j.e.StandardJMeterEngine: Thread will continue on error
2019-06-24 22:17:54,442 INFO o.a.j.t.ThreadGroup: Starting thread group... number=1 threads=3 ramp-up=3 delayedStart=false
2019-06-24 22:17:54,448 INFO o.a.j.t.ThreadGroup: Started thread group number 1
2019-06-24 22:17:54,449 INFO o.a.j.e.StandardJMeterEngine: All thread groups have been started
2019-06-24 22:17:54,452 INFO o.a.j.t.JMeterThread: Thread started: Thread Group 1-1
2019-06-24 22:17:54,460 INFO o.a.j.p.h.s.HTTPHCAbstractImpl: Local host = ws33
2019-06-24 22:17:54,464 INFO o.a.j.p.h.s.HTTPHC4Impl: HTTP request retry count = 0
2019-06-24 22:17:55,446 INFO o.a.j.t.JMeterThread: Thread started: Thread Group 1-2
2019-06-24 22:17:56,447 INFO o.a.j.t.JMeterThread: Thread started: Thread Group 1-3
2019-06-24 22:17:57,614 ERROR o.a.j.t.ListenerNotifier: Detected problem in Listener.
org.apache.jorphan.util.JMeterStopTestNowException: Cannot create path hierarchy for folder /src/asset
	at org.apache.jmeter.reporters.ResultSaver.createFoldersIfNeeded(ResultSaver.java:236) ~[ApacheJMeter_core.jar:5.1.1 r1855137]
	at org.apache.jmeter.reporters.ResultSaver.saveSample(ResultSaver.java:201) ~[ApacheJMeter_core.jar:5.1.1 r1855137]
	at org.apache.jmeter.reporters.ResultSaver.processSample(ResultSaver.java:167) ~[ApacheJMeter_core.jar:5.1.1 r1855137]
	at org.apache.jmeter.reporters.ResultSaver.sampleOccurred(ResultSaver.java:157) ~[ApacheJMeter_core.jar:5.1.1 r1855137]
	at org.apache.jmeter.threads.ListenerNotifier.notifyListeners(ListenerNotifier.java:70) [ApacheJMeter_core.jar:5.1.1 r1855137]
	at org.apache.jmeter.threads.JMeterThread.notifyListeners(JMeterThread.java:980) [ApacheJMeter_core.jar:5.1.1 r1855137]
	at org.apache.jmeter.threads.JMeterThread.executeSamplePackage(JMeterThread.java:569) [ApacheJMeter_core.jar:5.1.1 r1855137]
	at org.apache.jmeter.threads.JMeterThread.processSampler(JMeterThread.java:486) [ApacheJMeter_core.jar:5.1.1 r1855137]
	at org.apache.jmeter.threads.JMeterThread.run(JMeterThread.java:253) [ApacheJMeter_core.jar:5.1.1 r1855137]
	at java.lang.Thread.run(Thread.java:748) [?:1.8.0_201]
2019-06-24 22:17:57,614 ERROR o.a.j.t.ListenerNotifier: Detected problem in Listener.
org.apache.jorphan.util.JMeterStopTestNowException: Cannot create path hierarchy for folder /src/asset
	at org.apache.jmeter.reporters.ResultSaver.createFoldersIfNeeded(ResultSaver.java:236) ~[ApacheJMeter_core.jar:5.1.1 r1855137]
	at org.apache.jmeter.reporters.ResultSaver.saveSample(ResultSaver.java:201) ~[ApacheJMeter_core.jar:5.1.1 r1855137]
	at org.apache.jmeter.reporters.ResultSaver.processSample(ResultSaver.java:167) ~[ApacheJMeter_core.jar:5.1.1 r1855137]
	at org.apache.jmeter.reporters.ResultSaver.sampleOccurred(ResultSaver.java:157) ~[ApacheJMeter_core.jar:5.1.1 r1855137]
	at org.apache.jmeter.threads.ListenerNotifier.notifyListeners(ListenerNotifier.java:70) [ApacheJMeter_core.jar:5.1.1 r1855137]
	at org.apache.jmeter.threads.JMeterThread.notifyListeners(JMeterThread.java:980) [ApacheJMeter_core.jar:5.1.1 r1855137]
	at org.apache.jmeter.threads.JMeterThread.executeSamplePackage(JMeterThread.java:569) [ApacheJMeter_core.jar:5.1.1 r1855137]
	at org.apache.jmeter.threads.JMeterThread.processSampler(JMeterThread.java:486) [ApacheJMeter_core.jar:5.1.1 r1855137]
	at org.apache.jmeter.threads.JMeterThread.run(JMeterThread.java:253) [ApacheJMeter_core.jar:5.1.1 r1855137]
	at java.lang.Thread.run(Thread.java:748) [?:1.8.0_201]
2019-06-24 22:17:57,630 INFO o.a.j.t.ListenerNotifier: Continuing to process further listeners
2019-06-24 22:17:57,631 INFO o.a.j.t.JMeterThread: Thread is done: Thread Group 1-1
2019-06-24 22:17:57,631 INFO o.a.j.t.JMeterThread: Thread finished: Thread Group 1-1
2019-06-24 22:17:57,633 INFO o.a.j.t.ListenerNotifier: Continuing to process further listeners
2019-06-24 22:17:57,634 INFO o.a.j.t.JMeterThread: Thread is done: Thread Group 1-2
2019-06-24 22:17:57,634 INFO o.a.j.t.JMeterThread: Thread finished: Thread Group 1-2
2019-06-24 22:17:58,314 ERROR o.a.j.t.ListenerNotifier: Detected problem in Listener.
org.apache.jorphan.util.JMeterStopTestNowException: Cannot create path hierarchy for folder /src/asset
	at org.apache.jmeter.reporters.ResultSaver.createFoldersIfNeeded(ResultSaver.java:236) ~[ApacheJMeter_core.jar:5.1.1 r1855137]
	at org.apache.jmeter.reporters.ResultSaver.saveSample(ResultSaver.java:201) ~[ApacheJMeter_core.jar:5.1.1 r1855137]
	at org.apache.jmeter.reporters.ResultSaver.processSample(ResultSaver.java:167) ~[ApacheJMeter_core.jar:5.1.1 r1855137]
	at org.apache.jmeter.reporters.ResultSaver.sampleOccurred(ResultSaver.java:157) ~[ApacheJMeter_core.jar:5.1.1 r1855137]
	at org.apache.jmeter.threads.ListenerNotifier.notifyListeners(ListenerNotifier.java:70) [ApacheJMeter_core.jar:5.1.1 r1855137]
	at org.apache.jmeter.threads.JMeterThread.notifyListeners(JMeterThread.java:980) [ApacheJMeter_core.jar:5.1.1 r1855137]
	at org.apache.jmeter.threads.JMeterThread.executeSamplePackage(JMeterThread.java:569) [ApacheJMeter_core.jar:5.1.1 r1855137]
	at org.apache.jmeter.threads.JMeterThread.processSampler(JMeterThread.java:486) [ApacheJMeter_core.jar:5.1.1 r1855137]
	at org.apache.jmeter.threads.JMeterThread.run(JMeterThread.java:253) [ApacheJMeter_core.jar:5.1.1 r1855137]
	at java.lang.Thread.run(Thread.java:748) [?:1.8.0_201]
2019-06-24 22:17:58,315 INFO o.a.j.t.ListenerNotifier: Continuing to process further listeners
2019-06-24 22:17:58,316 INFO o.a.j.t.JMeterThread: Thread is done: Thread Group 1-3
2019-06-24 22:17:58,317 INFO o.a.j.t.JMeterThread: Thread finished: Thread Group 1-3
2019-06-24 22:17:58,318 INFO o.a.j.e.StandardJMeterEngine: Notifying test listeners of end of test
2019-06-24 22:17:58,320 INFO o.a.j.g.u.JMeterMenuBar: setRunning(false, *local*)
2019-06-24 22:18:34,917 INFO o.a.j.e.StandardJMeterEngine: Running the test!
2019-06-24 22:18:34,919 INFO o.a.j.s.SampleEvent: List of sample_variables: []
2019-06-24 22:18:34,926 INFO o.a.j.g.u.JMeterMenuBar: setRunning(true, *local*)
2019-06-24 22:18:35,082 INFO o.a.j.e.StandardJMeterEngine: Starting ThreadGroup: 1 : Thread Group
2019-06-24 22:18:35,082 INFO o.a.j.e.StandardJMeterEngine: Starting 3 threads for group Thread Group.
2019-06-24 22:18:35,082 INFO o.a.j.e.StandardJMeterEngine: Thread will continue on error
2019-06-24 22:18:35,083 INFO o.a.j.t.ThreadGroup: Starting thread group... number=1 threads=3 ramp-up=3 delayedStart=false
2019-06-24 22:18:35,093 INFO o.a.j.t.ThreadGroup: Started thread group number 1
2019-06-24 22:18:35,093 INFO o.a.j.e.StandardJMeterEngine: All thread groups have been started
2019-06-24 22:18:35,093 INFO o.a.j.t.JMeterThread: Thread started: Thread Group 1-1
2019-06-24 22:18:36,091 INFO o.a.j.t.JMeterThread: Thread started: Thread Group 1-2
2019-06-24 22:18:37,086 INFO o.a.j.t.JMeterThread: Thread started: Thread Group 1-3
2019-06-24 22:18:42,412 ERROR o.a.j.t.ListenerNotifier: Detected problem in Listener.
org.apache.jorphan.util.JMeterStopTestNowException: Cannot create path hierarchy for folder /src/asset
	at org.apache.jmeter.reporters.ResultSaver.createFoldersIfNeeded(ResultSaver.java:236) ~[ApacheJMeter_core.jar:5.1.1 r1855137]
	at org.apache.jmeter.reporters.ResultSaver.saveSample(ResultSaver.java:201) ~[ApacheJMeter_core.jar:5.1.1 r1855137]
	at org.apache.jmeter.reporters.ResultSaver.processSample(ResultSaver.java:167) ~[ApacheJMeter_core.jar:5.1.1 r1855137]
	at org.apache.jmeter.reporters.ResultSaver.sampleOccurred(ResultSaver.java:157) ~[ApacheJMeter_core.jar:5.1.1 r1855137]
	at org.apache.jmeter.threads.ListenerNotifier.notifyListeners(ListenerNotifier.java:70) [ApacheJMeter_core.jar:5.1.1 r1855137]
	at org.apache.jmeter.threads.JMeterThread.notifyListeners(JMeterThread.java:980) [ApacheJMeter_core.jar:5.1.1 r1855137]
	at org.apache.jmeter.threads.JMeterThread.executeSamplePackage(JMeterThread.java:569) [ApacheJMeter_core.jar:5.1.1 r1855137]
	at org.apache.jmeter.threads.JMeterThread.processSampler(JMeterThread.java:486) [ApacheJMeter_core.jar:5.1.1 r1855137]
	at org.apache.jmeter.threads.JMeterThread.run(JMeterThread.java:253) [ApacheJMeter_core.jar:5.1.1 r1855137]
	at java.lang.Thread.run(Thread.java:748) [?:1.8.0_201]
2019-06-24 22:18:42,413 ERROR o.a.j.t.ListenerNotifier: Detected problem in Listener.
org.apache.jorphan.util.JMeterStopTestNowException: Cannot create path hierarchy for folder /src/asset
	at org.apache.jmeter.reporters.ResultSaver.createFoldersIfNeeded(ResultSaver.java:236) ~[ApacheJMeter_core.jar:5.1.1 r1855137]
	at org.apache.jmeter.reporters.ResultSaver.saveSample(ResultSaver.java:201) ~[ApacheJMeter_core.jar:5.1.1 r1855137]
	at org.apache.jmeter.reporters.ResultSaver.processSample(ResultSaver.java:167) ~[ApacheJMeter_core.jar:5.1.1 r1855137]
	at org.apache.jmeter.reporters.ResultSaver.sampleOccurred(ResultSaver.java:157) ~[ApacheJMeter_core.jar:5.1.1 r1855137]
	at org.apache.jmeter.threads.ListenerNotifier.notifyListeners(ListenerNotifier.java:70) [ApacheJMeter_core.jar:5.1.1 r1855137]
	at org.apache.jmeter.threads.JMeterThread.notifyListeners(JMeterThread.java:980) [ApacheJMeter_core.jar:5.1.1 r1855137]
	at org.apache.jmeter.threads.JMeterThread.executeSamplePackage(JMeterThread.java:569) [ApacheJMeter_core.jar:5.1.1 r1855137]
	at org.apache.jmeter.threads.JMeterThread.processSampler(JMeterThread.java:486) [ApacheJMeter_core.jar:5.1.1 r1855137]
	at org.apache.jmeter.threads.JMeterThread.run(JMeterThread.java:253) [ApacheJMeter_core.jar:5.1.1 r1855137]
	at java.lang.Thread.run(Thread.java:748) [?:1.8.0_201]
2019-06-24 22:18:42,414 INFO o.a.j.t.ListenerNotifier: Continuing to process further listeners
2019-06-24 22:18:42,414 INFO o.a.j.t.ListenerNotifier: Continuing to process further listeners
2019-06-24 22:18:42,415 INFO o.a.j.t.JMeterThread: Thread is done: Thread Group 1-1
2019-06-24 22:18:42,415 INFO o.a.j.t.JMeterThread: Thread finished: Thread Group 1-1
2019-06-24 22:18:42,415 INFO o.a.j.t.JMeterThread: Thread is done: Thread Group 1-2
2019-06-24 22:18:42,416 INFO o.a.j.t.JMeterThread: Thread finished: Thread Group 1-2
2019-06-24 22:18:43,614 ERROR o.a.j.t.ListenerNotifier: Detected problem in Listener.
org.apache.jorphan.util.JMeterStopTestNowException: Cannot create path hierarchy for folder /src/asset
	at org.apache.jmeter.reporters.ResultSaver.createFoldersIfNeeded(ResultSaver.java:236) ~[ApacheJMeter_core.jar:5.1.1 r1855137]
	at org.apache.jmeter.reporters.ResultSaver.saveSample(ResultSaver.java:201) ~[ApacheJMeter_core.jar:5.1.1 r1855137]
	at org.apache.jmeter.reporters.ResultSaver.processSample(ResultSaver.java:167) ~[ApacheJMeter_core.jar:5.1.1 r1855137]
	at org.apache.jmeter.reporters.ResultSaver.sampleOccurred(ResultSaver.java:157) ~[ApacheJMeter_core.jar:5.1.1 r1855137]
	at org.apache.jmeter.threads.ListenerNotifier.notifyListeners(ListenerNotifier.java:70) [ApacheJMeter_core.jar:5.1.1 r1855137]
	at org.apache.jmeter.threads.JMeterThread.notifyListeners(JMeterThread.java:980) [ApacheJMeter_core.jar:5.1.1 r1855137]
	at org.apache.jmeter.threads.JMeterThread.executeSamplePackage(JMeterThread.java:569) [ApacheJMeter_core.jar:5.1.1 r1855137]
	at org.apache.jmeter.threads.JMeterThread.processSampler(JMeterThread.java:486) [ApacheJMeter_core.jar:5.1.1 r1855137]
	at org.apache.jmeter.threads.JMeterThread.run(JMeterThread.java:253) [ApacheJMeter_core.jar:5.1.1 r1855137]
	at java.lang.Thread.run(Thread.java:748) [?:1.8.0_201]
2019-06-24 22:18:43,615 INFO o.a.j.t.ListenerNotifier: Continuing to process further listeners
2019-06-24 22:18:43,615 INFO o.a.j.t.JMeterThread: Thread is done: Thread Group 1-3
2019-06-24 22:18:43,616 INFO o.a.j.t.JMeterThread: Thread finished: Thread Group 1-3
2019-06-24 22:18:43,617 INFO o.a.j.e.StandardJMeterEngine: Notifying test listeners of end of test
2019-06-24 22:18:43,617 INFO o.a.j.g.u.JMeterMenuBar: setRunning(false, *local*)
2019-06-24 22:20:25,338 INFO o.a.j.e.StandardJMeterEngine: Running the test!
2019-06-24 22:20:25,340 INFO o.a.j.s.SampleEvent: List of sample_variables: []
2019-06-24 22:20:25,346 INFO o.a.j.g.u.JMeterMenuBar: setRunning(true, *local*)
2019-06-24 22:20:25,455 INFO o.a.j.e.StandardJMeterEngine: Starting ThreadGroup: 1 : Thread Group
2019-06-24 22:20:25,456 INFO o.a.j.e.StandardJMeterEngine: Starting 3 threads for group Thread Group.
2019-06-24 22:20:25,456 INFO o.a.j.e.StandardJMeterEngine: Thread will continue on error
2019-06-24 22:20:25,456 INFO o.a.j.t.ThreadGroup: Starting thread group... number=1 threads=3 ramp-up=3 delayedStart=false
2019-06-24 22:20:25,458 INFO o.a.j.t.ThreadGroup: Started thread group number 1
2019-06-24 22:20:25,458 INFO o.a.j.e.StandardJMeterEngine: All thread groups have been started
2019-06-24 22:20:25,459 INFO o.a.j.t.JMeterThread: Thread started: Thread Group 1-1
2019-06-24 22:20:26,460 INFO o.a.j.t.JMeterThread: Thread started: Thread Group 1-2
2019-06-24 22:20:26,775 ERROR o.a.j.t.ListenerNotifier: Detected problem in Listener.
org.apache.jorphan.util.JMeterStopTestNowException: Cannot create path hierarchy for folder /src/asset
	at org.apache.jmeter.reporters.ResultSaver.createFoldersIfNeeded(ResultSaver.java:236) ~[ApacheJMeter_core.jar:5.1.1 r1855137]
	at org.apache.jmeter.reporters.ResultSaver.saveSample(ResultSaver.java:201) ~[ApacheJMeter_core.jar:5.1.1 r1855137]
	at org.apache.jmeter.reporters.ResultSaver.processSample(ResultSaver.java:167) ~[ApacheJMeter_core.jar:5.1.1 r1855137]
	at org.apache.jmeter.reporters.ResultSaver.sampleOccurred(ResultSaver.java:157) ~[ApacheJMeter_core.jar:5.1.1 r1855137]
	at org.apache.jmeter.threads.ListenerNotifier.notifyListeners(ListenerNotifier.java:70) [ApacheJMeter_core.jar:5.1.1 r1855137]
	at org.apache.jmeter.threads.JMeterThread.notifyListeners(JMeterThread.java:980) [ApacheJMeter_core.jar:5.1.1 r1855137]
	at org.apache.jmeter.threads.JMeterThread.executeSamplePackage(JMeterThread.java:569) [ApacheJMeter_core.jar:5.1.1 r1855137]
	at org.apache.jmeter.threads.JMeterThread.processSampler(JMeterThread.java:486) [ApacheJMeter_core.jar:5.1.1 r1855137]
	at org.apache.jmeter.threads.JMeterThread.run(JMeterThread.java:253) [ApacheJMeter_core.jar:5.1.1 r1855137]
	at java.lang.Thread.run(Thread.java:748) [?:1.8.0_201]
2019-06-24 22:20:26,776 INFO o.a.j.t.ListenerNotifier: Continuing to process further listeners
2019-06-24 22:20:26,776 INFO o.a.j.t.JMeterThread: Thread is done: Thread Group 1-1
2019-06-24 22:20:26,776 INFO o.a.j.t.JMeterThread: Thread finished: Thread Group 1-1
2019-06-24 22:20:27,339 ERROR o.a.j.t.ListenerNotifier: Detected problem in Listener.
org.apache.jorphan.util.JMeterStopTestNowException: Cannot create path hierarchy for folder /src/asset
	at org.apache.jmeter.reporters.ResultSaver.createFoldersIfNeeded(ResultSaver.java:236) ~[ApacheJMeter_core.jar:5.1.1 r1855137]
	at org.apache.jmeter.reporters.ResultSaver.saveSample(ResultSaver.java:201) ~[ApacheJMeter_core.jar:5.1.1 r1855137]
	at org.apache.jmeter.reporters.ResultSaver.processSample(ResultSaver.java:167) ~[ApacheJMeter_core.jar:5.1.1 r1855137]
	at org.apache.jmeter.reporters.ResultSaver.sampleOccurred(ResultSaver.java:157) ~[ApacheJMeter_core.jar:5.1.1 r1855137]
	at org.apache.jmeter.threads.ListenerNotifier.notifyListeners(ListenerNotifier.java:70) [ApacheJMeter_core.jar:5.1.1 r1855137]
	at org.apache.jmeter.threads.JMeterThread.notifyListeners(JMeterThread.java:980) [ApacheJMeter_core.jar:5.1.1 r1855137]
	at org.apache.jmeter.threads.JMeterThread.executeSamplePackage(JMeterThread.java:569) [ApacheJMeter_core.jar:5.1.1 r1855137]
	at org.apache.jmeter.threads.JMeterThread.processSampler(JMeterThread.java:486) [ApacheJMeter_core.jar:5.1.1 r1855137]
	at org.apache.jmeter.threads.JMeterThread.run(JMeterThread.java:253) [ApacheJMeter_core.jar:5.1.1 r1855137]
	at java.lang.Thread.run(Thread.java:748) [?:1.8.0_201]
2019-06-24 22:20:27,341 INFO o.a.j.t.ListenerNotifier: Continuing to process further listeners
2019-06-24 22:20:27,342 INFO o.a.j.t.JMeterThread: Thread is done: Thread Group 1-2
2019-06-24 22:20:27,342 INFO o.a.j.t.JMeterThread: Thread finished: Thread Group 1-2
2019-06-24 22:20:27,458 INFO o.a.j.t.JMeterThread: Thread started: Thread Group 1-3
2019-06-24 22:20:28,265 ERROR o.a.j.t.ListenerNotifier: Detected problem in Listener.
org.apache.jorphan.util.JMeterStopTestNowException: Cannot create path hierarchy for folder /src/asset
	at org.apache.jmeter.reporters.ResultSaver.createFoldersIfNeeded(ResultSaver.java:236) ~[ApacheJMeter_core.jar:5.1.1 r1855137]
	at org.apache.jmeter.reporters.ResultSaver.saveSample(ResultSaver.java:201) ~[ApacheJMeter_core.jar:5.1.1 r1855137]
	at org.apache.jmeter.reporters.ResultSaver.processSample(ResultSaver.java:167) ~[ApacheJMeter_core.jar:5.1.1 r1855137]
	at org.apache.jmeter.reporters.ResultSaver.sampleOccurred(ResultSaver.java:157) ~[ApacheJMeter_core.jar:5.1.1 r1855137]
	at org.apache.jmeter.threads.ListenerNotifier.notifyListeners(ListenerNotifier.java:70) [ApacheJMeter_core.jar:5.1.1 r1855137]
	at org.apache.jmeter.threads.JMeterThread.notifyListeners(JMeterThread.java:980) [ApacheJMeter_core.jar:5.1.1 r1855137]
	at org.apache.jmeter.threads.JMeterThread.executeSamplePackage(JMeterThread.java:569) [ApacheJMeter_core.jar:5.1.1 r1855137]
	at org.apache.jmeter.threads.JMeterThread.processSampler(JMeterThread.java:486) [ApacheJMeter_core.jar:5.1.1 r1855137]
	at org.apache.jmeter.threads.JMeterThread.run(JMeterThread.java:253) [ApacheJMeter_core.jar:5.1.1 r1855137]
	at java.lang.Thread.run(Thread.java:748) [?:1.8.0_201]
2019-06-24 22:20:28,265 INFO o.a.j.t.ListenerNotifier: Continuing to process further listeners
2019-06-24 22:20:28,265 INFO o.a.j.t.JMeterThread: Thread is done: Thread Group 1-3
2019-06-24 22:20:28,266 INFO o.a.j.t.JMeterThread: Thread finished: Thread Group 1-3
2019-06-24 22:20:28,266 INFO o.a.j.e.StandardJMeterEngine: Notifying test listeners of end of test
2019-06-24 22:20:28,266 INFO o.a.j.g.u.JMeterMenuBar: setRunning(false, *local*)
2019-06-24 22:22:32,264 INFO o.a.j.e.StandardJMeterEngine: Running the test!
2019-06-24 22:22:32,265 INFO o.a.j.s.SampleEvent: List of sample_variables: []
2019-06-24 22:22:32,269 INFO o.a.j.g.u.JMeterMenuBar: setRunning(true, *local*)
2019-06-24 22:22:32,375 INFO o.a.j.e.StandardJMeterEngine: Starting ThreadGroup: 1 : Thread Group
2019-06-24 22:22:32,376 INFO o.a.j.e.StandardJMeterEngine: Starting 3 threads for group Thread Group.
2019-06-24 22:22:32,376 INFO o.a.j.e.StandardJMeterEngine: Thread will continue on error
2019-06-24 22:22:32,376 INFO o.a.j.t.ThreadGroup: Starting thread group... number=1 threads=3 ramp-up=3 delayedStart=false
2019-06-24 22:22:32,378 INFO o.a.j.t.ThreadGroup: Started thread group number 1
2019-06-24 22:22:32,379 INFO o.a.j.e.StandardJMeterEngine: All thread groups have been started
2019-06-24 22:22:32,385 INFO o.a.j.t.JMeterThread: Thread started: Thread Group 1-1
2019-06-24 22:22:33,138 INFO o.a.j.t.JMeterThread: Thread is done: Thread Group 1-1
2019-06-24 22:22:33,139 INFO o.a.j.t.JMeterThread: Thread finished: Thread Group 1-1
2019-06-24 22:22:33,388 INFO o.a.j.t.JMeterThread: Thread started: Thread Group 1-2
2019-06-24 22:22:34,365 INFO o.a.j.t.JMeterThread: Thread is done: Thread Group 1-2
2019-06-24 22:22:34,365 INFO o.a.j.t.JMeterThread: Thread finished: Thread Group 1-2
2019-06-24 22:22:34,383 INFO o.a.j.t.JMeterThread: Thread started: Thread Group 1-3
2019-06-24 22:22:35,045 INFO o.a.j.t.JMeterThread: Thread is done: Thread Group 1-3
2019-06-24 22:22:35,045 INFO o.a.j.t.JMeterThread: Thread finished: Thread Group 1-3
2019-06-24 22:22:35,046 INFO o.a.j.e.StandardJMeterEngine: Notifying test listeners of end of test
2019-06-24 22:22:35,047 INFO o.a.j.g.u.JMeterMenuBar: setRunning(false, *local*)
2019-06-24 22:23:00,560 INFO o.a.j.e.StandardJMeterEngine: Running the test!
2019-06-24 22:23:00,562 INFO o.a.j.s.SampleEvent: List of sample_variables: []
2019-06-24 22:23:00,567 INFO o.a.j.g.u.JMeterMenuBar: setRunning(true, *local*)
2019-06-24 22:23:00,667 INFO o.a.j.e.StandardJMeterEngine: Starting ThreadGroup: 1 : Thread Group
2019-06-24 22:23:00,667 INFO o.a.j.e.StandardJMeterEngine: Starting 3 threads for group Thread Group.
2019-06-24 22:23:00,667 INFO o.a.j.e.StandardJMeterEngine: Thread will continue on error
2019-06-24 22:23:00,667 INFO o.a.j.t.ThreadGroup: Starting thread group... number=1 threads=3 ramp-up=3 delayedStart=false
2019-06-24 22:23:00,668 INFO o.a.j.t.ThreadGroup: Started thread group number 1
2019-06-24 22:23:00,669 INFO o.a.j.e.StandardJMeterEngine: All thread groups have been started
2019-06-24 22:23:00,669 INFO o.a.j.t.JMeterThread: Thread started: Thread Group 1-1
2019-06-24 22:23:01,481 ERROR o.a.j.t.ListenerNotifier: Detected problem in Listener.
org.apache.jorphan.util.JMeterStopTestNowException: Cannot create path hierarchy for folder /src/asset
	at org.apache.jmeter.reporters.ResultSaver.createFoldersIfNeeded(ResultSaver.java:236) ~[ApacheJMeter_core.jar:5.1.1 r1855137]
	at org.apache.jmeter.reporters.ResultSaver.saveSample(ResultSaver.java:201) ~[ApacheJMeter_core.jar:5.1.1 r1855137]
	at org.apache.jmeter.reporters.ResultSaver.processSample(ResultSaver.java:167) ~[ApacheJMeter_core.jar:5.1.1 r1855137]
	at org.apache.jmeter.reporters.ResultSaver.sampleOccurred(ResultSaver.java:157) ~[ApacheJMeter_core.jar:5.1.1 r1855137]
	at org.apache.jmeter.threads.ListenerNotifier.notifyListeners(ListenerNotifier.java:70) [ApacheJMeter_core.jar:5.1.1 r1855137]
	at org.apache.jmeter.threads.JMeterThread.notifyListeners(JMeterThread.java:980) [ApacheJMeter_core.jar:5.1.1 r1855137]
	at org.apache.jmeter.threads.JMeterThread.executeSamplePackage(JMeterThread.java:569) [ApacheJMeter_core.jar:5.1.1 r1855137]
	at org.apache.jmeter.threads.JMeterThread.processSampler(JMeterThread.java:486) [ApacheJMeter_core.jar:5.1.1 r1855137]
	at org.apache.jmeter.threads.JMeterThread.run(JMeterThread.java:253) [ApacheJMeter_core.jar:5.1.1 r1855137]
	at java.lang.Thread.run(Thread.java:748) [?:1.8.0_201]
2019-06-24 22:23:01,482 INFO o.a.j.t.ListenerNotifier: Continuing to process further listeners
2019-06-24 22:23:01,483 INFO o.a.j.t.JMeterThread: Thread is done: Thread Group 1-1
2019-06-24 22:23:01,483 INFO o.a.j.t.JMeterThread: Thread finished: Thread Group 1-1
2019-06-24 22:23:01,671 INFO o.a.j.t.JMeterThread: Thread started: Thread Group 1-2
2019-06-24 22:23:02,439 ERROR o.a.j.t.ListenerNotifier: Detected problem in Listener.
org.apache.jorphan.util.JMeterStopTestNowException: Cannot create path hierarchy for folder /src/asset
	at org.apache.jmeter.reporters.ResultSaver.createFoldersIfNeeded(ResultSaver.java:236) ~[ApacheJMeter_core.jar:5.1.1 r1855137]
	at org.apache.jmeter.reporters.ResultSaver.saveSample(ResultSaver.java:201) ~[ApacheJMeter_core.jar:5.1.1 r1855137]
	at org.apache.jmeter.reporters.ResultSaver.processSample(ResultSaver.java:167) ~[ApacheJMeter_core.jar:5.1.1 r1855137]
	at org.apache.jmeter.reporters.ResultSaver.sampleOccurred(ResultSaver.java:157) ~[ApacheJMeter_core.jar:5.1.1 r1855137]
	at org.apache.jmeter.threads.ListenerNotifier.notifyListeners(ListenerNotifier.java:70) [ApacheJMeter_core.jar:5.1.1 r1855137]
	at org.apache.jmeter.threads.JMeterThread.notifyListeners(JMeterThread.java:980) [ApacheJMeter_core.jar:5.1.1 r1855137]
	at org.apache.jmeter.threads.JMeterThread.executeSamplePackage(JMeterThread.java:569) [ApacheJMeter_core.jar:5.1.1 r1855137]
	at org.apache.jmeter.threads.JMeterThread.processSampler(JMeterThread.java:486) [ApacheJMeter_core.jar:5.1.1 r1855137]
	at org.apache.jmeter.threads.JMeterThread.run(JMeterThread.java:253) [ApacheJMeter_core.jar:5.1.1 r1855137]
	at java.lang.Thread.run(Thread.java:748) [?:1.8.0_201]
2019-06-24 22:23:02,440 INFO o.a.j.t.ListenerNotifier: Continuing to process further listeners
2019-06-24 22:23:02,441 INFO o.a.j.t.JMeterThread: Thread is done: Thread Group 1-2
2019-06-24 22:23:02,441 INFO o.a.j.t.JMeterThread: Thread finished: Thread Group 1-2
2019-06-24 22:23:02,670 INFO o.a.j.t.JMeterThread: Thread started: Thread Group 1-3
2019-06-24 22:23:03,597 ERROR o.a.j.t.ListenerNotifier: Detected problem in Listener.
org.apache.jorphan.util.JMeterStopTestNowException: Cannot create path hierarchy for folder /src/asset
	at org.apache.jmeter.reporters.ResultSaver.createFoldersIfNeeded(ResultSaver.java:236) ~[ApacheJMeter_core.jar:5.1.1 r1855137]
	at org.apache.jmeter.reporters.ResultSaver.saveSample(ResultSaver.java:201) ~[ApacheJMeter_core.jar:5.1.1 r1855137]
	at org.apache.jmeter.reporters.ResultSaver.processSample(ResultSaver.java:167) ~[ApacheJMeter_core.jar:5.1.1 r1855137]
	at org.apache.jmeter.reporters.ResultSaver.sampleOccurred(ResultSaver.java:157) ~[ApacheJMeter_core.jar:5.1.1 r1855137]
	at org.apache.jmeter.threads.ListenerNotifier.notifyListeners(ListenerNotifier.java:70) [ApacheJMeter_core.jar:5.1.1 r1855137]
	at org.apache.jmeter.threads.JMeterThread.notifyListeners(JMeterThread.java:980) [ApacheJMeter_core.jar:5.1.1 r1855137]
	at org.apache.jmeter.threads.JMeterThread.executeSamplePackage(JMeterThread.java:569) [ApacheJMeter_core.jar:5.1.1 r1855137]
	at org.apache.jmeter.threads.JMeterThread.processSampler(JMeterThread.java:486) [ApacheJMeter_core.jar:5.1.1 r1855137]
	at org.apache.jmeter.threads.JMeterThread.run(JMeterThread.java:253) [ApacheJMeter_core.jar:5.1.1 r1855137]
	at java.lang.Thread.run(Thread.java:748) [?:1.8.0_201]
2019-06-24 22:23:03,598 INFO o.a.j.t.ListenerNotifier: Continuing to process further listeners
2019-06-24 22:23:03,598 INFO o.a.j.t.JMeterThread: Thread is done: Thread Group 1-3
2019-06-24 22:23:03,599 INFO o.a.j.t.JMeterThread: Thread finished: Thread Group 1-3
2019-06-24 22:23:03,600 INFO o.a.j.e.StandardJMeterEngine: Notifying test listeners of end of test
2019-06-24 22:23:03,600 INFO o.a.j.g.u.JMeterMenuBar: setRunning(false, *local*)
2019-06-24 22:23:48,615 INFO o.a.j.e.StandardJMeterEngine: Running the test!
2019-06-24 22:23:48,617 INFO o.a.j.s.SampleEvent: List of sample_variables: []
2019-06-24 22:23:48,623 INFO o.a.j.g.u.JMeterMenuBar: setRunning(true, *local*)
2019-06-24 22:23:48,733 INFO o.a.j.e.StandardJMeterEngine: Starting ThreadGroup: 1 : Thread Group
2019-06-24 22:23:48,734 INFO o.a.j.e.StandardJMeterEngine: Starting 3 threads for group Thread Group.
2019-06-24 22:23:48,734 INFO o.a.j.e.StandardJMeterEngine: Thread will continue on error
2019-06-24 22:23:48,734 INFO o.a.j.t.ThreadGroup: Starting thread group... number=1 threads=3 ramp-up=3 delayedStart=false
2019-06-24 22:23:48,735 INFO o.a.j.t.ThreadGroup: Started thread group number 1
2019-06-24 22:23:48,735 INFO o.a.j.e.StandardJMeterEngine: All thread groups have been started
2019-06-24 22:23:48,738 INFO o.a.j.t.JMeterThread: Thread started: Thread Group 1-1
2019-06-24 22:23:49,621 INFO o.a.j.t.JMeterThread: Thread is done: Thread Group 1-1
2019-06-24 22:23:49,622 INFO o.a.j.t.JMeterThread: Thread finished: Thread Group 1-1
2019-06-24 22:23:49,739 INFO o.a.j.t.JMeterThread: Thread started: Thread Group 1-2
2019-06-24 22:23:50,548 INFO o.a.j.t.JMeterThread: Thread is done: Thread Group 1-2
2019-06-24 22:23:50,549 INFO o.a.j.t.JMeterThread: Thread finished: Thread Group 1-2
2019-06-24 22:23:50,738 INFO o.a.j.t.JMeterThread: Thread started: Thread Group 1-3
2019-06-24 22:23:51,822 INFO o.a.j.t.JMeterThread: Thread is done: Thread Group 1-3
2019-06-24 22:23:51,822 INFO o.a.j.t.JMeterThread: Thread finished: Thread Group 1-3
2019-06-24 22:23:51,824 INFO o.a.j.e.StandardJMeterEngine: Notifying test listeners of end of test
2019-06-24 22:23:51,824 INFO o.a.j.g.u.JMeterMenuBar: setRunning(false, *local*)
2019-06-24 22:24:16,671 INFO o.a.j.e.StandardJMeterEngine: Running the test!
2019-06-24 22:24:16,672 INFO o.a.j.s.SampleEvent: List of sample_variables: []
2019-06-24 22:24:16,680 INFO o.a.j.g.u.JMeterMenuBar: setRunning(true, *local*)
2019-06-24 22:24:16,793 INFO o.a.j.e.StandardJMeterEngine: Starting ThreadGroup: 1 : Thread Group
2019-06-24 22:24:16,793 INFO o.a.j.e.StandardJMeterEngine: Starting 3 threads for group Thread Group.
2019-06-24 22:24:16,793 INFO o.a.j.e.StandardJMeterEngine: Thread will continue on error
2019-06-24 22:24:16,793 INFO o.a.j.t.ThreadGroup: Starting thread group... number=1 threads=3 ramp-up=3 delayedStart=false
2019-06-24 22:24:16,794 INFO o.a.j.t.ThreadGroup: Started thread group number 1
2019-06-24 22:24:16,794 INFO o.a.j.e.StandardJMeterEngine: All thread groups have been started
2019-06-24 22:24:16,797 INFO o.a.j.t.JMeterThread: Thread started: Thread Group 1-1
2019-06-24 22:24:17,590 INFO o.a.j.t.JMeterThread: Thread is done: Thread Group 1-1
2019-06-24 22:24:17,590 INFO o.a.j.t.JMeterThread: Thread finished: Thread Group 1-1
2019-06-24 22:24:17,796 INFO o.a.j.t.JMeterThread: Thread started: Thread Group 1-2
2019-06-24 22:24:18,721 INFO o.a.j.t.JMeterThread: Thread is done: Thread Group 1-2
2019-06-24 22:24:18,722 INFO o.a.j.t.JMeterThread: Thread finished: Thread Group 1-2
2019-06-24 22:24:18,797 INFO o.a.j.t.JMeterThread: Thread started: Thread Group 1-3
2019-06-24 22:24:19,662 INFO o.a.j.t.JMeterThread: Thread is done: Thread Group 1-3
2019-06-24 22:24:19,662 INFO o.a.j.t.JMeterThread: Thread finished: Thread Group 1-3
2019-06-24 22:24:19,663 INFO o.a.j.e.StandardJMeterEngine: Notifying test listeners of end of test
2019-06-24 22:24:19,664 INFO o.a.j.g.u.JMeterMenuBar: setRunning(false, *local*)
2019-06-24 22:49:39,770 INFO o.a.j.g.a.Load: Loading file: /home/abdurrazzak/selftics/sqa-testing/jmeter/bin/src/file_upload.jmx
2019-06-24 22:49:39,770 INFO o.a.j.s.FileServer: Set new base='/home/abdurrazzak/selftics/sqa-testing/jmeter/bin/src'
2019-06-24 22:49:39,771 INFO o.a.j.s.SaveService: Loading file: /home/abdurrazzak/selftics/sqa-testing/jmeter/bin/src/file_upload.jmx
2019-06-24 22:49:39,906 INFO o.a.j.s.FileServer: Set new base='/home/abdurrazzak/selftics/sqa-testing/jmeter/bin/src'
2019-06-24 22:49:59,264 INFO o.a.j.e.StandardJMeterEngine: Running the test!
2019-06-24 22:49:59,266 INFO o.a.j.s.SampleEvent: List of sample_variables: []
2019-06-24 22:49:59,278 INFO o.a.j.g.u.JMeterMenuBar: setRunning(true, *local*)
2019-06-24 22:49:59,393 INFO o.a.j.e.StandardJMeterEngine: Starting ThreadGroup: 1 : Thread Group
2019-06-24 22:49:59,393 INFO o.a.j.e.StandardJMeterEngine: Starting 1 threads for group Thread Group.
2019-06-24 22:49:59,393 INFO o.a.j.e.StandardJMeterEngine: Thread will continue on error
2019-06-24 22:49:59,393 INFO o.a.j.t.ThreadGroup: Starting thread group... number=1 threads=1 ramp-up=1 delayedStart=false
2019-06-24 22:49:59,394 INFO o.a.j.t.ThreadGroup: Started thread group number 1
2019-06-24 22:49:59,394 INFO o.a.j.e.StandardJMeterEngine: All thread groups have been started
2019-06-24 22:49:59,394 INFO o.a.j.t.JMeterThread: Thread started: Thread Group 1-1
2019-06-24 22:49:59,395 INFO o.a.j.t.JMeterThread: Thread is done: Thread Group 1-1
2019-06-24 22:49:59,396 INFO o.a.j.t.JMeterThread: Thread finished: Thread Group 1-1
2019-06-24 22:49:59,396 INFO o.a.j.e.StandardJMeterEngine: Notifying test listeners of end of test
2019-06-24 22:49:59,396 INFO o.a.j.g.u.JMeterMenuBar: setRunning(false, *local*)
2019-06-24 22:50:55,988 INFO o.a.j.g.a.Load: Loading file: /home/abdurrazzak/selftics/sqa-testing/jmeter/bin/src/file-upload-test.jmx
2019-06-24 22:50:55,988 INFO o.a.j.s.FileServer: Set new base='/home/abdurrazzak/selftics/sqa-testing/jmeter/bin/src'
2019-06-24 22:50:55,989 INFO o.a.j.s.SaveService: Loading file: /home/abdurrazzak/selftics/sqa-testing/jmeter/bin/src/file-upload-test.jmx
2019-06-24 22:50:56,121 INFO o.a.j.s.FileServer: Set new base='/home/abdurrazzak/selftics/sqa-testing/jmeter/bin/src'
2019-06-24 22:51:20,613 INFO o.a.j.g.a.Load: Loading file: /home/abdurrazzak/selftics/sqa-testing/jmeter/bin/src/file_upload.jmx
2019-06-24 22:51:20,613 INFO o.a.j.s.FileServer: Set new base='/home/abdurrazzak/selftics/sqa-testing/jmeter/bin/src'
2019-06-24 22:51:20,613 INFO o.a.j.s.SaveService: Loading file: /home/abdurrazzak/selftics/sqa-testing/jmeter/bin/src/file_upload.jmx
2019-06-24 22:51:20,716 INFO o.a.j.s.FileServer: Set new base='/home/abdurrazzak/selftics/sqa-testing/jmeter/bin/src'
2019-06-24 22:52:05,502 INFO o.a.j.g.a.Load: Loading file: /home/abdurrazzak/selftics/sqa-testing/jmeter/bin/src/file-upload-test.jmx
2019-06-24 22:52:05,503 INFO o.a.j.s.FileServer: Set new base='/home/abdurrazzak/selftics/sqa-testing/jmeter/bin/src'
2019-06-24 22:52:05,503 INFO o.a.j.s.SaveService: Loading file: /home/abdurrazzak/selftics/sqa-testing/jmeter/bin/src/file-upload-test.jmx
2019-06-24 22:52:05,614 INFO o.a.j.s.FileServer: Set new base='/home/abdurrazzak/selftics/sqa-testing/jmeter/bin/src'
2019-06-24 22:53:24,585 INFO o.a.j.e.StandardJMeterEngine: Running the test!
2019-06-24 22:53:24,586 INFO o.a.j.s.SampleEvent: List of sample_variables: []
2019-06-24 22:53:24,597 INFO o.a.j.g.u.JMeterMenuBar: setRunning(true, *local*)
2019-06-24 22:53:24,740 INFO o.a.j.e.StandardJMeterEngine: Starting ThreadGroup: 1 : Thread Group
2019-06-24 22:53:24,740 INFO o.a.j.e.StandardJMeterEngine: Starting 1 threads for group Thread Group.
2019-06-24 22:53:24,740 INFO o.a.j.e.StandardJMeterEngine: Thread will continue on error
2019-06-24 22:53:24,740 INFO o.a.j.t.ThreadGroup: Starting thread group... number=1 threads=1 ramp-up=1 delayedStart=false
2019-06-24 22:53:24,742 INFO o.a.j.t.ThreadGroup: Started thread group number 1
2019-06-24 22:53:24,742 INFO o.a.j.e.StandardJMeterEngine: All thread groups have been started
2019-06-24 22:53:24,744 INFO o.a.j.t.JMeterThread: Thread started: Thread Group 1-1
2019-06-24 22:53:24,753 INFO o.a.j.s.FileServer: Stored: src/asset/tree.jpg
2019-06-24 22:53:25,955 INFO o.a.j.t.JMeterThread: Thread is done: Thread Group 1-1
2019-06-24 22:53:25,955 INFO o.a.j.t.JMeterThread: Thread finished: Thread Group 1-1
2019-06-24 22:53:25,956 INFO o.a.j.e.StandardJMeterEngine: Notifying test listeners of end of test
2019-06-24 22:53:25,957 INFO o.a.j.g.u.JMeterMenuBar: setRunning(false, *local*)
